<?xml version="1.0" encoding="UTF-8"?>
<!-- Generated by org.testng.reporters.JUnitReportReporter -->
<testsuite hostname="mukthara-a01.vmware.com" name="org.muks.fsm.metadata.TestStates" tests="1" failures="0" timestamp="30 Jun 2018 09:05:40 GMT" time="0.002" errors="0">
  <testcase name="TestStateCalls" time="0.002" classname="org.muks.fsm.metadata.TestStates"/>
</testsuite> <!-- org.muks.fsm.metadata.TestStates -->
