<?xml version="1.0" encoding="UTF-8"?>
<!-- Generated by org.testng.reporters.JUnitReportReporter -->
<testsuite hostname="mukthara-a01.vmware.com" name="org.muks.fsm.metadata.TestEventActions" tests="2" failures="0" timestamp="30 Jun 2018 09:05:40 GMT" time="0.037" errors="0">
  <testcase name="TestAddSignals" time="0.036" classname="org.muks.fsm.metadata.TestEventActions"/>
  <testcase name="TestEvent" time="0.001" classname="org.muks.fsm.metadata.TestEventActions"/>
</testsuite> <!-- org.muks.fsm.metadata.TestEventActions -->
