<?xml version="1.0" encoding="UTF-8"?>
<!-- Generated by org.testng.reporters.JUnitReportReporter -->
<testsuite hostname="mukthara-a01.vmware.com" name="org.muks.fsm.AppTest" tests="1" failures="0" timestamp="30 Jun 2018 09:05:40 GMT" time="0.013" errors="0">
  <testcase name="Test1" time="0.013" classname="org.muks.fsm.AppTest"/>
</testsuite> <!-- org.muks.fsm.AppTest -->
