<?xml version="1.0" encoding="UTF-8"?>
<!-- Generated by org.testng.reporters.JUnitReportReporter -->
<testsuite hostname="mukthara-a01.vmware.com" name="org.muks.scm.AppTest" tests="1" failures="0" timestamp="30 Jun 2018 05:29:07 GMT" time="0.014" errors="0">
  <testcase name="Test1" time="0.014" classname="org.muks.scm.AppTest"/>
</testsuite> <!-- org.muks.scm.AppTest -->
